[debug] [2021-06-28T22:56:28.883Z] ----------------------------------------------------------------------
[debug] [2021-06-28T22:56:28.884Z] Command:       /usr/local/bin/node /usr/local/bin/firebase init
[debug] [2021-06-28T22:56:28.885Z] CLI Version:   9.14.0
[debug] [2021-06-28T22:56:28.885Z] Platform:      linux
[debug] [2021-06-28T22:56:28.885Z] Node Version:  v16.4.0
[debug] [2021-06-28T22:56:28.885Z] Time:          Tue Jun 29 2021 01:56:28 GMT+0300 (Eastern European Summer Time)
[debug] [2021-06-28T22:56:28.885Z] ----------------------------------------------------------------------
[debug] 
[debug] [2021-06-28T22:56:28.889Z] > command requires scopes: ["email","openid","https://www.googleapis.com/auth/cloudplatformprojects.readonly","https://www.googleapis.com/auth/firebase","https://www.googleapis.com/auth/cloud-platform"]
[debug] [2021-06-28T22:56:28.889Z] > authorizing via signed-in user (mixalis.gotsis@gmail.com)
[info] 
     ######## #### ########  ######## ########     ###     ######  ########
     ##        ##  ##     ## ##       ##     ##  ##   ##  ##       ##
     ######    ##  ########  ######   ########  #########  ######  ######
     ##        ##  ##    ##  ##       ##     ## ##     ##       ## ##
     ##       #### ##     ## ######## ########  ##     ##  ######  ########

You're about to initialize a Firebase project in this directory:

  /home/michael/AgularLearn/weather-spot

[info] 
=== Project Setup
[info] 
[info] First, let's associate this project directory with a Firebase project.
[info] You can create multiple project aliases by running firebase use --add, 
[info] but for now we'll just set up a default project.
[info] 
[debug] [2021-06-28T22:57:56.510Z] >>> [apiv2][query] GET https://firebase.googleapis.com/v1beta1/projects pageSize=100
[debug] [2021-06-28T22:57:57.057Z] <<< [apiv2][status] GET https://firebase.googleapis.com/v1beta1/projects 200
[debug] [2021-06-28T22:57:57.057Z] <<< [apiv2][body] GET https://firebase.googleapis.com/v1beta1/projects [omitted]
[info] i  Using project weather-spot (weather-spot) 
[info] 
=== Database Setup
[info] i  database: ensuring required API firebasedatabase.googleapis.com is enabled... 
[debug] [2021-06-28T22:57:59.399Z] > refreshing access token with scopes: ["email","https://www.googleapis.com/auth/cloud-platform","https://www.googleapis.com/auth/cloudplatformprojects.readonly","https://www.googleapis.com/auth/firebase","openid"]
[debug] [2021-06-28T22:57:59.399Z] >>> HTTP REQUEST POST https://www.googleapis.com/oauth2/v3/token  
 <request body omitted>
[debug] [2021-06-28T22:57:59.710Z] <<< HTTP RESPONSE 200 {"expires":"Mon, 01 Jan 1990 00:00:00 GMT","date":"Mon, 28 Jun 2021 22:57:59 GMT","cache-control":"no-cache, no-store, max-age=0, must-revalidate","pragma":"no-cache","content-type":"application/json; charset=utf-8","vary":"X-Origin, Referer, Origin,Accept-Encoding","server":"scaffolding on HTTPServer2","x-xss-protection":"0","x-frame-options":"SAMEORIGIN","x-content-type-options":"nosniff","alt-svc":"h3=\":443\"; ma=2592000,h3-29=\":443\"; ma=2592000,h3-T051=\":443\"; ma=2592000,h3-Q050=\":443\"; ma=2592000,h3-Q046=\":443\"; ma=2592000,h3-Q043=\":443\"; ma=2592000,quic=\":443\"; ma=2592000; v=\"46,43\"","accept-ranges":"none","transfer-encoding":"chunked"}
[debug] [2021-06-28T22:57:59.717Z] >>> HTTP REQUEST GET https://serviceusage.googleapis.com/v1/projects/weather-spot/services/firebasedatabase.googleapis.com  
 
[debug] [2021-06-28T22:58:00.935Z] <<< HTTP RESPONSE 200 {"content-type":"application/json; charset=UTF-8","vary":"X-Origin, Referer, Origin,Accept-Encoding","date":"Mon, 28 Jun 2021 22:58:00 GMT","server":"ESF","cache-control":"private","x-xss-protection":"0","x-frame-options":"SAMEORIGIN","x-content-type-options":"nosniff","alt-svc":"h3=\":443\"; ma=2592000,h3-29=\":443\"; ma=2592000,h3-T051=\":443\"; ma=2592000,h3-Q050=\":443\"; ma=2592000,h3-Q046=\":443\"; ma=2592000,h3-Q043=\":443\"; ma=2592000,quic=\":443\"; ma=2592000; v=\"46,43\"","accept-ranges":"none","transfer-encoding":"chunked"}
[warn] ⚠  database: missing required API firebasedatabase.googleapis.com. Enabling now... 
[debug] [2021-06-28T22:58:00.938Z] >>> HTTP REQUEST POST https://serviceusage.googleapis.com/v1/projects/weather-spot/services/firebasedatabase.googleapis.com:enable  
 
[debug] [2021-06-28T22:58:02.118Z] <<< HTTP RESPONSE 200 {"content-type":"application/json; charset=UTF-8","vary":"X-Origin, Referer, Origin,Accept-Encoding","date":"Mon, 28 Jun 2021 22:58:02 GMT","server":"ESF","cache-control":"private","x-xss-protection":"0","x-frame-options":"SAMEORIGIN","x-content-type-options":"nosniff","alt-svc":"h3=\":443\"; ma=2592000,h3-29=\":443\"; ma=2592000,h3-T051=\":443\"; ma=2592000,h3-Q050=\":443\"; ma=2592000,h3-Q046=\":443\"; ma=2592000,h3-Q043=\":443\"; ma=2592000,quic=\":443\"; ma=2592000; v=\"46,43\"","accept-ranges":"none","transfer-encoding":"chunked"}
[debug] [2021-06-28T22:58:12.131Z] >>> HTTP REQUEST GET https://serviceusage.googleapis.com/v1/projects/weather-spot/services/firebasedatabase.googleapis.com  
 
[debug] [2021-06-28T22:58:13.074Z] <<< HTTP RESPONSE 200 {"content-type":"application/json; charset=UTF-8","vary":"X-Origin, Referer, Origin,Accept-Encoding","date":"Mon, 28 Jun 2021 22:58:13 GMT","server":"ESF","cache-control":"private","x-xss-protection":"0","x-frame-options":"SAMEORIGIN","x-content-type-options":"nosniff","alt-svc":"h3=\":443\"; ma=2592000,h3-29=\":443\"; ma=2592000,h3-T051=\":443\"; ma=2592000,h3-Q050=\":443\"; ma=2592000,h3-Q046=\":443\"; ma=2592000,h3-Q043=\":443\"; ma=2592000,quic=\":443\"; ma=2592000; v=\"46,43\"","accept-ranges":"none","transfer-encoding":"chunked"}
[info] ✔  database: required API firebasedatabase.googleapis.com is enabled 
[info] 
[debug] [2021-06-28T22:58:13.080Z] > refreshing access token with scopes: []
[debug] [2021-06-28T22:58:13.080Z] >>> HTTP REQUEST POST https://www.googleapis.com/oauth2/v3/token  
 <request body omitted>
[debug] [2021-06-28T22:58:13.298Z] <<< HTTP RESPONSE 200 {"date":"Mon, 28 Jun 2021 22:58:13 GMT","pragma":"no-cache","expires":"Mon, 01 Jan 1990 00:00:00 GMT","cache-control":"no-cache, no-store, max-age=0, must-revalidate","content-type":"application/json; charset=utf-8","vary":"X-Origin, Referer, Origin,Accept-Encoding","server":"scaffolding on HTTPServer2","x-xss-protection":"0","x-frame-options":"SAMEORIGIN","x-content-type-options":"nosniff","alt-svc":"h3=\":443\"; ma=2592000,h3-29=\":443\"; ma=2592000,h3-T051=\":443\"; ma=2592000,h3-Q050=\":443\"; ma=2592000,h3-Q046=\":443\"; ma=2592000,h3-Q043=\":443\"; ma=2592000,quic=\":443\"; ma=2592000; v=\"46,43\"","accept-ranges":"none","transfer-encoding":"chunked"}
[debug] [2021-06-28T22:58:13.304Z] >>> [apiv2][query] GET https://firebase.googleapis.com/v1beta1/projects/weather-spot [none]
[debug] [2021-06-28T22:58:13.631Z] <<< [apiv2][status] GET https://firebase.googleapis.com/v1beta1/projects/weather-spot 200
[debug] [2021-06-28T22:58:13.632Z] <<< [apiv2][body] GET https://firebase.googleapis.com/v1beta1/projects/weather-spot {"projectId":"weather-spot","projectNumber":"125956383310","displayName":"weather-spot","name":"projects/weather-spot","resources":{"hostingSite":"weather-spot"},"state":"ACTIVE"}
[info] 
[info] Firebase Realtime Database Security Rules allow you to define how your data should be
[info] structured and when your data can be read from and written to.
[info] 
[info] ✔  Default rules have been written to database.rules.json. 
[info] Future modifications to database.rules.json will update Realtime Database Security Rules when you run
[info] firebase deploy.
[info] 
=== Hosting Setup
[info] 
[info] Your public directory is the folder (relative to your project directory) that
[info] will contain Hosting assets to be uploaded with firebase deploy. If you
[info] have a build process for your assets, use your build's output directory.
[info] 
[debug] [2021-06-28T22:59:18.246Z] >>> [apiv2][query] GET https://www.gstatic.com/firebasejs/releases.json [none]
[debug] [2021-06-28T22:59:18.654Z] <<< [apiv2][status] GET https://www.gstatic.com/firebasejs/releases.json 200
[debug] [2021-06-28T22:59:18.654Z] <<< [apiv2][body] GET https://www.gstatic.com/firebasejs/releases.json {"current":{"version":"8.6.8","browserURL":"https://www.gstatic.com/firebasejs/8.6.8/firebase.js","packageURL":"https://www.gstatic.com/firebasejs/8.6.8/firebase.tgz"},"live":{"version":"8.6","browserURL":"https://www.gstatic.com/firebasejs/live/8.6/firebase.js","packageURL":"https://www.gstatic.com/firebasejs/live/8.6/firebase.tgz"},"components":{"analytics":"https://www.gstatic.com/firebasejs/8.6.8/firebase-analytics.js","app":"https://www.gstatic.com/firebasejs/8.6.8/firebase-app.js","app-check":"https://www.gstatic.com/firebasejs/8.6.8/firebase-app-check.js","auth":"https://www.gstatic.com/firebasejs/8.6.8/firebase-auth.js","database":"https://www.gstatic.com/firebasejs/8.6.8/firebase-database.js","firestore":"https://www.gstatic.com/firebasejs/8.6.8/firebase-firestore.js","functions":"https://www.gstatic.com/firebasejs/8.6.8/firebase-functions.js","installations":"https://www.gstatic.com/firebasejs/8.6.8/firebase-installations.js","messaging":"https://www.gstatic.com/firebasejs/8.6.8/firebase-messaging.js","storage":"https://www.gstatic.com/firebasejs/8.6.8/firebase-storage.js","performance":"https://www.gstatic.com/firebasejs/8.6.8/firebase-performance.js","remote-config":"https://www.gstatic.com/firebasejs/8.6.8/firebase-remote-config.js","firestore.memory":"https://www.gstatic.com/firebasejs/8.6.8/firebase-firestore.memory.js"}}
[info] ✔  Wrote (public)/index.html 
[info] 
[info] i  Detected a .git folder at /home/michael 
[info] i  Authorizing with GitHub to upload your service account to a GitHub repository's secrets store. 
[info] 
[info] Visit this URL on this device to log in:
[info] https://github.com/login/oauth/authorize?client_id=89cf50f02ac6aaed3484&state=869426573&redirect_uri=http%3A%2F%2Flocalhost%3A9005&scope=read%3Auser%20repo%20public_repo
[info] 
[info] Waiting for authentication...
[debug] [2021-06-28T22:59:26.507Z] >>> HTTP REQUEST POST https://github.com/login/oauth/access_token  
 {"client_id":"89cf50f02ac6aaed3484","client_secret":"3330d14abc895d9a74d5f17cd7a00711fa2c5bf0","code":"6c18565ee11979ee87df","redirect_uri":"http://localhost:9005","state":"869426573"}
[debug] [2021-06-28T22:59:26.881Z] <<< HTTP RESPONSE 200 {"server":"GitHub.com","date":"Mon, 28 Jun 2021 22:59:26 GMT","content-type":"application/json; charset=utf-8","transfer-encoding":"chunked","vary":"X-PJAX, Accept-Encoding, Accept, X-Requested-With","permissions-policy":"interest-cohort=()","etag":"W/\"ac24c39984673e276351c5da23e2bb62\"","cache-control":"max-age=0, private, must-revalidate","strict-transport-security":"max-age=31536000; includeSubdomains; preload","x-frame-options":"deny","x-content-type-options":"nosniff","x-xss-protection":"0","referrer-policy":"origin-when-cross-origin, strict-origin-when-cross-origin","expect-ct":"max-age=2592000, report-uri=\"https://api.github.com/_private/browser/errors\"","content-security-policy":"default-src 'none'; base-uri 'self'; block-all-mixed-content; connect-src 'self' uploads.github.com www.githubstatus.com collector.githubapp.com api.github.com github-cloud.s3.amazonaws.com github-production-repository-file-5c1aeb.s3.amazonaws.com github-production-upload-manifest-file-7fdce7.s3.amazonaws.com github-production-user-asset-6210df.s3.amazonaws.com cdn.optimizely.com logx.optimizely.com/v1/events translator.github.com wss://alive.github.com; font-src github.githubassets.com; form-action 'self' github.com gist.github.com; frame-ancestors 'none'; frame-src render.githubusercontent.com render-temp.githubusercontent.com viewscreen.githubusercontent.com; img-src 'self' data: github.githubassets.com identicons.github.com collector.githubapp.com github-cloud.s3.amazonaws.com secured-user-images.githubusercontent.com/ *.githubusercontent.com; manifest-src 'self'; media-src 'none'; script-src github.githubassets.com; style-src 'unsafe-inline' github.githubassets.com; worker-src github.com/socket-worker-3f088aa2.js gist.github.com/socket-worker-3f088aa2.js","x-github-request-id":"8A7C:2332:6BD5733:6EDA467:60DA544E"}
[debug] [2021-06-28T22:59:26.883Z] >>> [apiv2][query] GET https://api.github.com/user [none]
[debug] [2021-06-28T22:59:27.292Z] <<< [apiv2][status] GET https://api.github.com/user 200
[debug] [2021-06-28T22:59:27.293Z] <<< [apiv2][body] GET https://api.github.com/user {"login":"Michael-Gkotsis","id":32307881,"node_id":"MDQ6VXNlcjMyMzA3ODgx","avatar_url":"https://avatars.githubusercontent.com/u/32307881?v=4","gravatar_id":"","url":"https://api.github.com/users/Michael-Gkotsis","html_url":"https://github.com/Michael-Gkotsis","followers_url":"https://api.github.com/users/Michael-Gkotsis/followers","following_url":"https://api.github.com/users/Michael-Gkotsis/following{/other_user}","gists_url":"https://api.github.com/users/Michael-Gkotsis/gists{/gist_id}","starred_url":"https://api.github.com/users/Michael-Gkotsis/starred{/owner}{/repo}","subscriptions_url":"https://api.github.com/users/Michael-Gkotsis/subscriptions","organizations_url":"https://api.github.com/users/Michael-Gkotsis/orgs","repos_url":"https://api.github.com/users/Michael-Gkotsis/repos","events_url":"https://api.github.com/users/Michael-Gkotsis/events{/privacy}","received_events_url":"https://api.github.com/users/Michael-Gkotsis/received_events","type":"User","site_admin":false,"name":"Michael Gkotsis","company":null,"blog":"","location":"Larisa,Greece","email":"mixalis.gotsis@gmail.com","hireable":true,"bio":"I am passionate about machine learning and Data Analysis.Also a student of software engineering and Computer Science!","twitter_username":null,"public_repos":11,"public_gists":1,"followers":7,"following":6,"created_at":"2017-09-26T17:28:24Z","updated_at":"2021-06-28T22:59:26Z","private_gists":1,"total_private_repos":6,"owned_private_repos":6,"disk_usage":5424,"collaborators":0,"two_factor_authentication":false,"plan":{"name":"pro","space":976562499,"collaborators":0,"private_repos":9999}}
[info] 
[info] ✔  Success! Logged into GitHub as Michael-Gkotsis 
[info] 
